[16:51:11] [main/INFO] (FabricLoader/GameProvider) Loading Minecraft 1.20.3 with Fabric Loader 0.15.1
[16:51:11] [main/INFO] (FabricLoader) Loading 56 mods:
	- fabric-api 0.91.1+1.20.3
	- fabric-api-base 0.4.34+f31bf8813b
	- fabric-api-lookup-api-v1 1.6.44+9468a19d3b
	- fabric-biome-api-v1 13.0.14+9468a19d3b
	- fabric-block-api-v1 1.0.13+73761d2e3b
	- fabric-block-view-api-v2 1.0.2+73761d2e3b
	- fabric-blockrenderlayer-v1 1.1.44+f4b7e4243b
	- fabric-client-tags-api-v1 1.1.5+86b126453b
	- fabric-command-api-v1 1.2.39+f71b366f3b
	- fabric-command-api-v2 2.2.18+23e8616e3b
	- fabric-commands-v0 0.2.56+df3654b33b
	- fabric-containers-v0 0.1.80+df3654b33b
	- fabric-content-registries-v0 5.0.8+9468a19d3b
	- fabric-convention-tags-v1 1.5.8+9468a19d3b
	- fabric-crash-report-info-v1 0.2.21+f4b7e4243b
	- fabric-data-generation-api-v1 13.1.16+1b2a41bc3b
	- fabric-dimensions-v1 2.1.59+a2e8758a3b
	- fabric-entity-events-v1 1.5.26+9468a19d3b
	- fabric-events-interaction-v0 0.6.13+9468a19d3b
	- fabric-events-lifecycle-v0 0.2.70+df3654b33b
	- fabric-game-rule-api-v1 1.0.44+6f7ba8f23b
	- fabric-gametest-api-v1 1.2.18+9468a19d3b
	- fabric-item-api-v1 2.1.33+9468a19d3b
	- fabric-item-group-api-v1 4.0.19+7feff5da3b
	- fabric-key-binding-api-v1 1.0.39+f4b7e4243b
	- fabric-keybindings-v0 0.2.37+df3654b33b
	- fabric-lifecycle-events-v1 2.2.28+9468a19d3b
	- fabric-loot-api-v2 2.1.3+6f9f09e03b
	- fabric-message-api-v1 6.0.3+ebb154963b
	- fabric-mining-level-api-v1 2.1.58+f4b7e4243b
	- fabric-model-loading-api-v1 1.0.6+9468a19d3b
	- fabric-models-v0 0.4.5+9386d8a73b
	- fabric-networking-api-v1 3.1.1+901470e43b
	- fabric-object-builder-api-v1 13.0.6+a2e8758a3b
	- fabric-particles-v1 1.1.5+f4b7e4243b
	- fabric-recipe-api-v1 2.0.14+23e8616e3b
	- fabric-registry-sync-v0 4.0.12+9468a19d3b
	- fabric-renderer-api-v1 3.2.2+2034447c3b
	- fabric-renderer-indigo 1.5.2+2034447c3b
	- fabric-renderer-registries-v1 3.2.49+df3654b33b
	- fabric-rendering-data-attachment-v1 0.3.40+73761d2e3b
	- fabric-rendering-fluids-v1 3.0.31+f4b7e4243b
	- fabric-rendering-v0 1.1.52+df3654b33b
	- fabric-rendering-v1 3.0.11+9468a19d3b
	- fabric-resource-conditions-api-v1 2.3.12+de5c6cca3b
	- fabric-resource-loader-v0 0.11.14+f31bf8813b
	- fabric-screen-api-v1 2.0.15+6f7ba8f23b
	- fabric-screen-handler-api-v1 1.3.49+9468a19d3b
	- fabric-sound-api-v1 1.0.15+f4b7e4243b
	- fabric-transfer-api-v1 4.0.5+aaf9c9693b
	- fabric-transitive-access-wideners-v1 5.0.12+1b2a41bc3b
	- fabricloader 0.15.1
	- java 21
	- minecraft 1.20.3
	- mixinextras 0.3.1
	- ryanstillandtrade 0.1-1.20.3
[16:51:11] [main/INFO] (FabricLoader/Mixin) SpongePowered MIXIN Subsystem Version=0.8.5 Source=file:/home/senpai/.gradle/caches/modules-2/files-2.1/net.fabricmc/sponge-mixin/0.12.5+mixin.0.8.5/8d31fb97c3e0cd7c8dad3441851c523bcfae6d8e/sponge-mixin-0.12.5+mixin.0.8.5.jar Service=Knot/Fabric Env=CLIENT
[16:51:11] [main/INFO] (FabricLoader/Mixin) Loaded Fabric development mappings for mixin remapper!
[16:51:11] [main/INFO] (FabricLoader/Mixin) Compatibility level set to JAVA_16
[16:51:11] [main/INFO] (FabricLoader/Mixin) Compatibility level set to JAVA_17
[16:51:12] [main/INFO] (FabricLoader/MixinExtras|Service) Initializing MixinExtras via com.llamalad7.mixinextras.service.MixinExtrasServiceImpl(version=0.3.1).
[16:51:15] [Datafixer Bootstrap/INFO] (Minecraft) 198 Datafixer optimizations took 97 milliseconds
[16:51:17] [Render thread/INFO] (Minecraft) Environment: Environment[sessionHost=https://sessionserver.mojang.com, servicesHost=https://api.minecraftservices.com, name=PROD]
[16:51:17] [Render thread/INFO] (Minecraft) Setting user: Player339
[16:51:17] [Render thread/INFO] (fabric-networking-api-v1) Force Packet Serialization is enabled to mimic remote connection on single player, this is the default behaviour on dev env. Add -Dfabric-api.networking.force-packet-serialization=false JVM arg to disable it.
[16:51:17] [Render thread/INFO] (ryanstillandtrade) Registering Mod Item Groups for ryanstillandtrade
[16:51:17] [Render thread/INFO] (ryanstillandtrade) Registering Mod Items for ryanstillandtrade
